Ubuntu clang version 18.1.3 (1ubuntu1)
Target: x86_64-pc-linux-gnu
Thread model: posix
InstalledDir: /usr/bin
Found candidate GCC installation: /usr/bin/../lib/gcc/x86_64-linux-gnu/13
Selected GCC installation: /usr/bin/../lib/gcc/x86_64-linux-gnu/13
Candidate multilib: .;@m64
Selected multilib: .;@m64
 "/usr/lib/llvm-18/bin/clang" -cc1 -triple x86_64-pc-linux-gnu -E -dumpdir helloworld- -save-temps=cwd -disable-free -clear-ast-before-backend -disable-llvm-verifier -discard-value-names -main-file-name helloworld.c -mrelocation-model pic -pic-level 2 -pic-is-pie -mframe-pointer=all -fmath-errno -ffp-contract=on -fno-rounding-math -mconstructor-aliases -funwind-tables=2 -target-cpu x86-64 -tune-cpu generic -debugger-tuning=gdb -fdebug-compilation-dir=/home/junmin/behind_helloworld_dynamic -v -fcoverage-compilation-dir=/home/junmin/behind_helloworld_dynamic -resource-dir /usr/lib/llvm-18/lib/clang/18 -internal-isystem /usr/lib/llvm-18/lib/clang/18/include -internal-isystem /usr/local/include -internal-isystem /usr/bin/../lib/gcc/x86_64-linux-gnu/13/../../../../x86_64-linux-gnu/include -internal-externc-isystem /usr/include/x86_64-linux-gnu -internal-externc-isystem /include -internal-externc-isystem /usr/include -ferror-limit 19 -fgnuc-version=4.2.1 -fskip-odr-check-in-gmf -faddrsig -D__GCC_HAVE_DWARF2_CFI_ASM=1 -o helloworld.i -x c helloworld.c
clang -cc1 version 18.1.3 based upon LLVM 18.1.3 default target x86_64-pc-linux-gnu
ignoring nonexistent directory "/usr/bin/../lib/gcc/x86_64-linux-gnu/13/../../../../x86_64-linux-gnu/include"
ignoring nonexistent directory "/include"
#include "..." search starts here:
#include <...> search starts here:
 /usr/lib/llvm-18/lib/clang/18/include
 /usr/local/include
 /usr/include/x86_64-linux-gnu
 /usr/include
End of search list.
 "/usr/lib/llvm-18/bin/clang" -cc1 -triple x86_64-pc-linux-gnu -emit-llvm-bc -emit-llvm-uselists -dumpdir helloworld- -save-temps=cwd -disable-free -clear-ast-before-backend -disable-llvm-verifier -discard-value-names -main-file-name helloworld.c -mrelocation-model pic -pic-level 2 -pic-is-pie -mframe-pointer=all -fmath-errno -ffp-contract=on -fno-rounding-math -mconstructor-aliases -funwind-tables=2 -target-cpu x86-64 -tune-cpu generic -debugger-tuning=gdb -fdebug-compilation-dir=/home/junmin/behind_helloworld_dynamic -v -fcoverage-compilation-dir=/home/junmin/behind_helloworld_dynamic -resource-dir /usr/lib/llvm-18/lib/clang/18 -ferror-limit 19 -fgnuc-version=4.2.1 -fskip-odr-check-in-gmf -disable-llvm-passes -faddrsig -D__GCC_HAVE_DWARF2_CFI_ASM=1 -o helloworld.bc -x cpp-output helloworld.i
clang -cc1 version 18.1.3 based upon LLVM 18.1.3 default target x86_64-pc-linux-gnu
#include "..." search starts here:
End of search list.
 "/usr/lib/llvm-18/bin/clang" -cc1 -triple x86_64-pc-linux-gnu -S -dumpdir helloworld- -save-temps=cwd -disable-free -clear-ast-before-backend -disable-llvm-verifier -discard-value-names -main-file-name helloworld.c -mrelocation-model pic -pic-level 2 -pic-is-pie -mframe-pointer=all -fmath-errno -ffp-contract=on -fno-rounding-math -mconstructor-aliases -funwind-tables=2 -target-cpu x86-64 -tune-cpu generic -debugger-tuning=gdb -fdebug-compilation-dir=/home/junmin/behind_helloworld_dynamic -v -fcoverage-compilation-dir=/home/junmin/behind_helloworld_dynamic -resource-dir /usr/lib/llvm-18/lib/clang/18 -ferror-limit 19 -fgnuc-version=4.2.1 -fskip-odr-check-in-gmf -faddrsig -D__GCC_HAVE_DWARF2_CFI_ASM=1 -o helloworld.s -x ir helloworld.bc
clang -cc1 version 18.1.3 based upon LLVM 18.1.3 default target x86_64-pc-linux-gnu
 "/usr/lib/llvm-18/bin/clang" -cc1as -triple x86_64-pc-linux-gnu -filetype obj -main-file-name helloworld.c -target-cpu x86-64 -fdebug-compilation-dir=/home/junmin/behind_helloworld_dynamic -dwarf-version=5 -mrelocation-model pic -mrelax-all -o helloworld.o helloworld.s
 "/usr/bin/ld" -z relro --hash-style=gnu --build-id --eh-frame-hdr -m elf_x86_64 -pie -dynamic-linker /lib64/ld-linux-x86-64.so.2 -o helloworld /lib/x86_64-linux-gnu/Scrt1.o /lib/x86_64-linux-gnu/crti.o /usr/bin/../lib/gcc/x86_64-linux-gnu/13/crtbeginS.o -L/usr/bin/../lib/gcc/x86_64-linux-gnu/13 -L/usr/bin/../lib/gcc/x86_64-linux-gnu/13/../../../../lib64 -L/lib/x86_64-linux-gnu -L/lib/../lib64 -L/usr/lib/x86_64-linux-gnu -L/usr/lib/../lib64 -L/lib -L/usr/lib helloworld.o -lgcc --as-needed -lgcc_s --no-as-needed -lc -lgcc --as-needed -lgcc_s --no-as-needed /usr/bin/../lib/gcc/x86_64-linux-gnu/13/crtendS.o /lib/x86_64-linux-gnu/crtn.o
